[General]
FirstMinTempSavedOn=42025
[Sta_WDC WD1600AAJB-56WRA0 (152625 MB)_WD-WCAS2E490219]
42025=34,33.38,12,100,33
MaxTempEverC=34
MaxTempEverCFound=42025.01499,21/01/2015 00:21:35
MinTempEverC=33
MinTempEverCFound=42025.01932,21/01/2015 00:27:49
MaxTempByDriveC=52
Dates=42025
[Sta_Maxtor 6L200S0 (194474 MB)_L503ZJHG]
42025=36,36.00,12,100,36
MaxTempEverC=36
MaxTempEverCFound=42025.01499,21/01/2015 00:21:35
MinTempEverC=36
MinTempEverCFound=42025.01499,21/01/2015 00:21:35
MaxTempByDriveC=36
Dates=42025
[Sta_WDC WD5000BEVT-60A0RT0 (476937 MB)_WD-WX71A70S9500]
42025=34,33.61,12,92,33
MaxTempEverC=34
MaxTempEverCFound=42025.01552,21/01/2015 00:22:20
MinTempEverC=33
MinTempEverCFound=42025.01499,21/01/2015 00:21:35
MaxTempByDriveC=58
Dates=42025
[Sta_ST31000528AS (953867 MB)_5VP11VHB]
42025=37,33.08,12,100,33
MaxTempEverC=37
MaxTempEverCFound=42025.03107,21/01/2015 00:44:44
MinTempEverC=29
MinTempEverCFound=42025.01499,21/01/2015 00:21:35
MaxTempByDriveC=63
Dates=42025
[CurrentDrives]
DriveList=#0: SanDisk SDSSDHP256G / 132629400471 (244191 MB)	#1: WDC WD5000AAKX-08U6AA0 / WD-WMC2E0K1TKAF (476937 MB)	#2: Kingston DataTraveler 3.0 / PMAP1234 (30004 MB)
[HDR]
SanDisk SDSSDHP256G (244191 MB)_132629400471=5
[HDW]
SanDisk SDSSDHP256G (244191 MB)_132629400471=14
[Sta_SanDisk SDSSDHP256G (244191 MB)_132629400471]
42268=27,27.00,1,100,0
MaxTempEverC=27
MaxTempEverCFound=42268.69085,21/09/2015 16:34:49
MinTempEverC=27
MinTempEverCFound=42268.69085,21/09/2015 16:34:49
MaxTempByDriveC=40
Dates=42268
[Sta_WDC WD5000AAKX-08U6AA0 (476937 MB)_WD-WMC2E0K1TKAF]
42268=29,29.00,1,100,0
MaxTempEverC=29
MaxTempEverCFound=42268.69085,21/09/2015 16:34:49
MinTempEverC=29
MinTempEverCFound=42268.69085,21/09/2015 16:34:49
MaxTempByDriveC=40
Dates=42268
