[i]	25-07-08 16:57:57	TSpybotFileScanDaemon	Listening on port 21323
[i]	25-07-08 16:57:57	TWebTestHTTPDaemon	Listening on port 21322
[i]	25-07-08 16:57:57	TSpybotFileScanDaemon	Successfully started listening on port 21323.
[i]	25-07-08 16:57:57	TWebTestHTTPDaemon	Successfully started listening on port 21322.
[i]	25-07-08 17:15:01	TSpybotFileScanDaemon	HTTP daemon on port 21323 closed.
[i]	25-07-08 17:15:02	TWebTestHTTPDaemon	HTTP daemon on port 21322 closed.
[i]	25-07-08 17:15:45	TSpybotFileScanDaemon	Listening on port 21323
[i]	25-07-08 17:15:45	TWebTestHTTPDaemon	Listening on port 21322
[i]	25-07-08 17:15:45	TSpybotFileScanDaemon	Successfully started listening on port 21323.
[i]	25-07-08 17:15:45	TWebTestHTTPDaemon	Successfully started listening on port 21322.
[i]	25-07-08 17:20:37	TSpybotFileScanDaemon	HTTP daemon on port 21323 closed.
[i]	25-07-08 17:20:37	TWebTestHTTPDaemon	HTTP daemon on port 21322 closed.
[i]	25-07-08 17:21:06	TSpybotFileScanDaemon	Listening on port 21323
[i]	25-07-08 17:21:06	TWebTestHTTPDaemon	Listening on port 21322
[i]	25-07-08 17:21:06	TSpybotFileScanDaemon	Successfully started listening on port 21323.
[i]	25-07-08 17:21:06	TWebTestHTTPDaemon	Successfully started listening on port 21322.
[i]	25-07-08 17:27:04	TSpybotFileScanDaemon	HTTP daemon on port 21323 closed.
[i]	25-07-08 17:27:04	TWebTestHTTPDaemon	HTTP daemon on port 21322 closed.
[i]	25-07-08 17:27:32	TWebTestHTTPDaemon	Listening on port 21322
[i]	25-07-08 17:27:32	TSpybotFileScanDaemon	Listening on port 21323
[i]	25-07-08 17:27:32	TWebTestHTTPDaemon	Successfully started listening on port 21322.
[i]	25-07-08 17:27:32	TSpybotFileScanDaemon	Successfully started listening on port 21323.
[i]	25-07-08 17:27:52	TSpybotFileScanDaemon	HTTP daemon on port 21323 closed.
[i]	25-07-08 17:27:52	TWebTestHTTPDaemon	HTTP daemon on port 21322 closed.
[i]	25-07-08 17:29:06	TWebTestHTTPDaemon	Listening on port 21322
[i]	25-07-08 17:29:06	TWebTestHTTPDaemon	Successfully started listening on port 21322.
[i]	25-07-08 17:29:06	TSpybotFileScanDaemon	Listening on port 21323
[i]	25-07-08 17:29:06	TSpybotFileScanDaemon	Successfully started listening on port 21323.
[i]	25-07-08 17:29:16	TSpybotFileScanDaemon	HTTP daemon on port 21323 closed.
[i]	25-07-08 17:29:16	TWebTestHTTPDaemon	HTTP daemon on port 21322 closed.
[i]	25-07-08 17:42:57	TWebTestHTTPDaemon	Listening on port 21322
[i]	25-07-08 17:42:57	TSpybotFileScanDaemon	Listening on port 21323
[i]	25-07-08 17:42:57	TSpybotFileScanDaemon	Successfully started listening on port 21323.
[i]	25-07-08 17:42:57	TWebTestHTTPDaemon	Successfully started listening on port 21322.
[i]	25-07-08 17:45:02	TSpybotFileScanDaemon	HTTP daemon on port 21323 closed.
[i]	25-07-08 17:45:03	TWebTestHTTPDaemon	HTTP daemon on port 21322 closed.
[i]	25-07-09 12:49:35	TWebTestHTTPDaemon	Listening on port 21322
[i]	25-07-09 12:49:35	TSpybotFileScanDaemon	Listening on port 21323
[i]	25-07-09 12:49:35	TWebTestHTTPDaemon	Successfully started listening on port 21322.
[i]	25-07-09 12:49:35	TSpybotFileScanDaemon	Successfully started listening on port 21323.
[i]	25-07-09 15:46:16	TSpybotFileScanDaemon	HTTP daemon on port 21323 closed.
[i]	25-07-09 15:46:17	TWebTestHTTPDaemon	HTTP daemon on port 21322 closed.
[i]	25-07-09 15:46:44	TWebTestHTTPDaemon	Listening on port 21322
[i]	25-07-09 15:46:44	TWebTestHTTPDaemon	Successfully started listening on port 21322.
[i]	25-07-09 15:46:44	TSpybotFileScanDaemon	Listening on port 21323
[i]	25-07-09 15:46:44	TSpybotFileScanDaemon	Successfully started listening on port 21323.
[i]	25-07-09 15:47:03	TSpybotFileScanDaemon	HTTP daemon on port 21323 closed.
[i]	25-07-09 15:47:03	TWebTestHTTPDaemon	HTTP daemon on port 21322 closed.
[i]	25-07-09 15:47:30	TSpybotFileScanDaemon	Listening on port 21323
[i]	25-07-09 15:47:30	TWebTestHTTPDaemon	Listening on port 21322
[i]	25-07-09 15:47:30	TSpybotFileScanDaemon	Successfully started listening on port 21323.
[i]	25-07-09 15:47:30	TWebTestHTTPDaemon	Successfully started listening on port 21322.
[i]	25-07-09 18:22:43	TSpybotFileScanDaemon	HTTP daemon on port 21323 closed.
[i]	25-07-09 18:22:43	TWebTestHTTPDaemon	HTTP daemon on port 21322 closed.
[i]	25-07-10 16:02:34	TSpybotFileScanDaemon	Listening on port 21323
[i]	25-07-10 16:02:34	TWebTestHTTPDaemon	Listening on port 21322
[i]	25-07-10 16:02:34	TSpybotFileScanDaemon	Successfully started listening on port 21323.
[i]	25-07-10 16:02:34	TWebTestHTTPDaemon	Successfully started listening on port 21322.
[i]	25-07-10 16:05:29	TSpybotFileScanDaemon	HTTP daemon on port 21323 closed.
[i]	25-07-10 16:05:29	TWebTestHTTPDaemon	HTTP daemon on port 21322 closed.
[i]	25-07-10 16:06:02	TWebTestHTTPDaemon	Listening on port 21322
[i]	25-07-10 16:06:02	TSpybotFileScanDaemon	Listening on port 21323
[i]	25-07-10 16:06:02	TWebTestHTTPDaemon	Successfully started listening on port 21322.
[i]	25-07-10 16:06:02	TSpybotFileScanDaemon	Successfully started listening on port 21323.
[i]	25-07-10 18:27:59	TSpybotFileScanDaemon	HTTP daemon on port 21323 closed.
[i]	25-07-10 18:27:59	TWebTestHTTPDaemon	HTTP daemon on port 21322 closed.
[i]	25-07-11 10:29:54	TSpybotFileScanDaemon	Listening on port 21323
[i]	25-07-11 10:29:54	TSpybotFileScanDaemon	Successfully started listening on port 21323.
[i]	25-07-11 10:29:54	TWebTestHTTPDaemon	Listening on port 21322
[i]	25-07-11 10:29:54	TWebTestHTTPDaemon	Successfully started listening on port 21322.
[i]	25-07-11 18:29:04	TSpybotFileScanDaemon	HTTP daemon on port 21323 closed.
[i]	25-07-11 18:29:04	TWebTestHTTPDaemon	HTTP daemon on port 21322 closed.
[i]	25-07-15 13:04:45	TWebTestHTTPDaemon	Listening on port 21322
[i]	25-07-15 13:04:45	TSpybotFileScanDaemon	Listening on port 21323
[i]	25-07-15 13:04:45	TWebTestHTTPDaemon	Successfully started listening on port 21322.
[i]	25-07-15 13:04:45	TSpybotFileScanDaemon	Successfully started listening on port 21323.
[i]	25-07-15 18:10:19	TSpybotFileScanDaemon	HTTP daemon on port 21323 closed.
[i]	25-07-15 18:10:19	TWebTestHTTPDaemon	HTTP daemon on port 21322 closed.
[i]	25-07-18 12:54:41	TSpybotFileScanDaemon	Listening on port 21323
[i]	25-07-18 12:54:41	TSpybotFileScanDaemon	Successfully started listening on port 21323.
[i]	25-07-18 12:54:41	TWebTestHTTPDaemon	Listening on port 21322
[i]	25-07-18 12:54:41	TWebTestHTTPDaemon	Successfully started listening on port 21322.
[i]	25-07-21 18:31:12	TSpybotFileScanDaemon	HTTP daemon on port 21323 closed.
[i]	25-07-21 18:31:12	TWebTestHTTPDaemon	HTTP daemon on port 21322 closed.
[i]	25-07-22 12:41:40	TWebTestHTTPDaemon	Listening on port 21322
[i]	25-07-22 12:41:40	TSpybotFileScanDaemon	Listening on port 21323
[i]	25-07-22 12:41:40	TWebTestHTTPDaemon	Successfully started listening on port 21322.
[i]	25-07-22 12:41:40	TSpybotFileScanDaemon	Successfully started listening on port 21323.
[i]	25-07-22 15:00:43	TSpybotFileScanDaemon	HTTP daemon on port 21323 closed.
[i]	25-07-22 15:00:43	TWebTestHTTPDaemon	HTTP daemon on port 21322 closed.
[i]	25-07-23 12:32:42	TWebTestHTTPDaemon	Listening on port 21322
[i]	25-07-23 12:32:42	TWebTestHTTPDaemon	Successfully started listening on port 21322.
[i]	25-07-23 12:32:42	TSpybotFileScanDaemon	Listening on port 21323
[i]	25-07-23 12:32:42	TSpybotFileScanDaemon	Successfully started listening on port 21323.
[i]	25-07-23 15:02:03	TSpybotFileScanDaemon	HTTP daemon on port 21323 closed.
[i]	25-07-23 15:02:03	TWebTestHTTPDaemon	HTTP daemon on port 21322 closed.
[i]	25-07-24 12:42:21	TSpybotFileScanDaemon	Listening on port 21323
[i]	25-07-24 12:42:21	TSpybotFileScanDaemon	Successfully started listening on port 21323.
[i]	25-07-24 12:42:21	TWebTestHTTPDaemon	Listening on port 21322
[i]	25-07-24 12:42:21	TWebTestHTTPDaemon	Successfully started listening on port 21322.
[i]	25-07-24 14:34:09	TSpybotFileScanDaemon	HTTP daemon on port 21323 closed.
[i]	25-07-24 14:34:09	TWebTestHTTPDaemon	HTTP daemon on port 21322 closed.
[i]	25-07-25 12:46:19	TSpybotFileScanDaemon	Listening on port 21323
[i]	25-07-25 12:46:19	TWebTestHTTPDaemon	Listening on port 21322
[i]	25-07-25 12:46:19	TSpybotFileScanDaemon	Successfully started listening on port 21323.
[i]	25-07-25 12:46:19	TWebTestHTTPDaemon	Successfully started listening on port 21322.
[i]	25-07-25 14:32:04	TSpybotFileScanDaemon	HTTP daemon on port 21323 closed.
[i]	25-07-25 14:32:05	TWebTestHTTPDaemon	HTTP daemon on port 21322 closed.
[i]	25-07-26 11:31:11	TSpybotFileScanDaemon	Listening on port 21323
[i]	25-07-26 11:31:11	TSpybotFileScanDaemon	Successfully started listening on port 21323.
[i]	25-07-26 11:31:11	TWebTestHTTPDaemon	Listening on port 21322
[i]	25-07-26 11:31:11	TWebTestHTTPDaemon	Successfully started listening on port 21322.
[i]	25-07-26 18:05:27	TSpybotFileScanDaemon	HTTP daemon on port 21323 closed.
[i]	25-07-26 18:05:27	TWebTestHTTPDaemon	HTTP daemon on port 21322 closed.
[i]	25-07-26 20:16:15	TWebTestHTTPDaemon	Listening on port 21322
[i]	25-07-26 20:16:15	TSpybotFileScanDaemon	Listening on port 21323
[i]	25-07-26 20:16:15	TWebTestHTTPDaemon	Successfully started listening on port 21322.
[i]	25-07-26 20:16:15	TSpybotFileScanDaemon	Successfully started listening on port 21323.
[i]	25-07-26 20:17:39	TSpybotFileScanDaemon	HTTP daemon on port 21323 closed.
[i]	25-07-26 20:17:39	TWebTestHTTPDaemon	HTTP daemon on port 21322 closed.
[i]	25-07-28 12:39:48	TWebTestHTTPDaemon	Listening on port 21322
[i]	25-07-28 12:39:48	TSpybotFileScanDaemon	Listening on port 21323
[i]	25-07-28 12:39:48	TWebTestHTTPDaemon	Successfully started listening on port 21322.
[i]	25-07-28 12:39:48	TSpybotFileScanDaemon	Successfully started listening on port 21323.
[i]	25-07-28 15:42:34	TSpybotFileScanDaemon	HTTP daemon on port 21323 closed.
[i]	25-07-28 15:42:34	TWebTestHTTPDaemon	HTTP daemon on port 21322 closed.
[i]	25-07-28 16:24:06	TSpybotFileScanDaemon	Listening on port 21323
[i]	25-07-28 16:24:06	TWebTestHTTPDaemon	Listening on port 21322
[i]	25-07-28 16:24:06	TSpybotFileScanDaemon	Successfully started listening on port 21323.
[i]	25-07-28 16:24:06	TWebTestHTTPDaemon	Successfully started listening on port 21322.
[i]	25-07-28 16:27:31	TSpybotFileScanDaemon	HTTP daemon on port 21323 closed.
[i]	25-07-28 16:27:31	TWebTestHTTPDaemon	HTTP daemon on port 21322 closed.
[i]	25-07-28 16:49:44	TWebTestHTTPDaemon	Listening on port 21322
[i]	25-07-28 16:49:44	TSpybotFileScanDaemon	Listening on port 21323
[i]	25-07-28 16:49:44	TSpybotFileScanDaemon	Successfully started listening on port 21323.
[i]	25-07-28 16:49:44	TWebTestHTTPDaemon	Successfully started listening on port 21322.
[i]	25-07-28 18:28:17	TSpybotFileScanDaemon	HTTP daemon on port 21323 closed.
[i]	25-07-28 18:28:17	TWebTestHTTPDaemon	HTTP daemon on port 21322 closed.
[i]	25-07-29 10:13:12	TSpybotFileScanDaemon	Listening on port 21323
[i]	25-07-29 10:13:12	TWebTestHTTPDaemon	Listening on port 21322
[i]	25-07-29 10:13:12	TSpybotFileScanDaemon	Successfully started listening on port 21323.
[i]	25-07-29 10:13:12	TWebTestHTTPDaemon	Successfully started listening on port 21322.
[i]	25-07-29 18:32:21	TSpybotFileScanDaemon	HTTP daemon on port 21323 closed.
[i]	25-07-29 18:32:21	TWebTestHTTPDaemon	HTTP daemon on port 21322 closed.
[i]	25-07-30 10:28:31	TWebTestHTTPDaemon	Listening on port 21322
[i]	25-07-30 10:28:31	TSpybotFileScanDaemon	Listening on port 21323
[i]	25-07-30 10:28:31	TSpybotFileScanDaemon	Successfully started listening on port 21323.
[i]	25-07-30 10:28:31	TWebTestHTTPDaemon	Successfully started listening on port 21322.
[i]	25-07-30 14:10:15	TSpybotFileScanDaemon	HTTP daemon on port 21323 closed.
[i]	25-07-30 14:10:16	TWebTestHTTPDaemon	HTTP daemon on port 21322 closed.
[i]	25-07-30 14:10:43	TWebTestHTTPDaemon	Listening on port 21322
[i]	25-07-30 14:10:43	TWebTestHTTPDaemon	Successfully started listening on port 21322.
[i]	25-07-30 14:10:43	TSpybotFileScanDaemon	Listening on port 21323
[i]	25-07-30 14:10:43	TSpybotFileScanDaemon	Successfully started listening on port 21323.
[i]	25-07-30 14:13:57	TSpybotFileScanDaemon	HTTP daemon on port 21323 closed.
[i]	25-07-30 14:13:57	TWebTestHTTPDaemon	HTTP daemon on port 21322 closed.
[i]	25-07-30 14:14:24	TSpybotFileScanDaemon	Listening on port 21323
[i]	25-07-30 14:14:24	TWebTestHTTPDaemon	Listening on port 21322
[i]	25-07-30 14:14:24	TSpybotFileScanDaemon	Successfully started listening on port 21323.
[i]	25-07-30 14:14:24	TWebTestHTTPDaemon	Successfully started listening on port 21322.
[i]	25-07-30 14:26:46	TSpybotFileScanDaemon	HTTP daemon on port 21323 closed.
[i]	25-07-30 14:26:46	TWebTestHTTPDaemon	HTTP daemon on port 21322 closed.
[i]	25-07-30 17:52:47	TWebTestHTTPDaemon	Listening on port 21322
[i]	25-07-30 17:52:47	TWebTestHTTPDaemon	Successfully started listening on port 21322.
[i]	25-07-30 17:52:47	TSpybotFileScanDaemon	Listening on port 21323
[i]	25-07-30 17:52:47	TSpybotFileScanDaemon	Successfully started listening on port 21323.
[i]	25-07-31 14:22:15	TSpybotFileScanDaemon	HTTP daemon on port 21323 closed.
[i]	25-07-31 14:22:15	TWebTestHTTPDaemon	HTTP daemon on port 21322 closed.
[i]	25-07-31 14:32:41	TWebTestHTTPDaemon	Listening on port 21322
[i]	25-07-31 14:32:41	TSpybotFileScanDaemon	Listening on port 21323
[i]	25-07-31 14:32:41	TWebTestHTTPDaemon	Successfully started listening on port 21322.
[i]	25-07-31 14:32:41	TSpybotFileScanDaemon	Successfully started listening on port 21323.
[i]	25-07-31 14:32:56	TSpybotFileScanDaemon	HTTP daemon on port 21323 closed.
[i]	25-07-31 14:32:57	TWebTestHTTPDaemon	HTTP daemon on port 21322 closed.
[i]	25-07-31 14:58:30	TWebTestHTTPDaemon	Listening on port 21322
[i]	25-07-31 14:58:30	TSpybotFileScanDaemon	Listening on port 21323
[i]	25-07-31 14:58:30	TWebTestHTTPDaemon	Successfully started listening on port 21322.
[i]	25-07-31 14:58:30	TSpybotFileScanDaemon	Successfully started listening on port 21323.
[i]	25-07-31 14:59:40	TSpybotFileScanDaemon	HTTP daemon on port 21323 closed.
[i]	25-07-31 14:59:40	TWebTestHTTPDaemon	HTTP daemon on port 21322 closed.
[i]	25-07-31 15:36:04	TWebTestHTTPDaemon	Listening on port 21322
[i]	25-07-31 15:36:04	TSpybotFileScanDaemon	Listening on port 21323
[i]	25-07-31 15:36:04	TWebTestHTTPDaemon	Successfully started listening on port 21322.
[i]	25-07-31 15:36:04	TSpybotFileScanDaemon	Successfully started listening on port 21323.
[i]	25-07-31 15:36:35	TSpybotFileScanDaemon	HTTP daemon on port 21323 closed.
[i]	25-07-31 15:36:35	TWebTestHTTPDaemon	HTTP daemon on port 21322 closed.
[i]	25-07-31 17:36:55	TSpybotFileScanDaemon	Listening on port 21323
[i]	25-07-31 17:36:55	TWebTestHTTPDaemon	Listening on port 21322
[i]	25-07-31 17:36:55	TSpybotFileScanDaemon	Successfully started listening on port 21323.
[i]	25-07-31 17:36:55	TWebTestHTTPDaemon	Successfully started listening on port 21322.
[i]	25-07-31 17:47:38	TSpybotFileScanDaemon	HTTP daemon on port 21323 closed.
[i]	25-07-31 17:47:38	TWebTestHTTPDaemon	HTTP daemon on port 21322 closed.
[i]	25-07-31 17:48:04	TSpybotFileScanDaemon	Listening on port 21323
[i]	25-07-31 17:48:04	TWebTestHTTPDaemon	Listening on port 21322
[i]	25-07-31 17:48:04	TSpybotFileScanDaemon	Successfully started listening on port 21323.
[i]	25-07-31 17:48:04	TWebTestHTTPDaemon	Successfully started listening on port 21322.
[i]	25-07-31 18:07:02	TSpybotFileScanDaemon	HTTP daemon on port 21323 closed.
[i]	25-07-31 18:07:02	TWebTestHTTPDaemon	HTTP daemon on port 21322 closed.
[i]	25-07-31 18:07:29	TSpybotFileScanDaemon	Listening on port 21323
[i]	25-07-31 18:07:29	TWebTestHTTPDaemon	Listening on port 21322
[i]	25-07-31 18:07:29	TSpybotFileScanDaemon	Successfully started listening on port 21323.
[i]	25-07-31 18:07:29	TWebTestHTTPDaemon	Successfully started listening on port 21322.
[i]	25-07-31 18:09:43	TSpybotFileScanDaemon	HTTP daemon on port 21323 closed.
[i]	25-07-31 18:09:43	TWebTestHTTPDaemon	HTTP daemon on port 21322 closed.
[i]	25-07-31 18:30:07	TSpybotFileScanDaemon	Listening on port 21323
[i]	25-07-31 18:30:07	TWebTestHTTPDaemon	Listening on port 21322
[i]	25-07-31 18:30:07	TSpybotFileScanDaemon	Successfully started listening on port 21323.
[i]	25-07-31 18:30:07	TWebTestHTTPDaemon	Successfully started listening on port 21322.
[i]	25-07-31 18:30:22	TSpybotFileScanDaemon	HTTP daemon on port 21323 closed.
[i]	25-07-31 18:30:22	TWebTestHTTPDaemon	HTTP daemon on port 21322 closed.
[i]	25-07-31 19:30:36	TSpybotFileScanDaemon	Listening on port 21323
[i]	25-07-31 19:30:36	TSpybotFileScanDaemon	Successfully started listening on port 21323.
[i]	25-07-31 19:30:36	TWebTestHTTPDaemon	Listening on port 21322
[i]	25-07-31 19:30:36	TWebTestHTTPDaemon	Successfully started listening on port 21322.
[i]	25-07-31 19:30:47	TSpybotFileScanDaemon	HTTP daemon on port 21323 closed.
[i]	25-07-31 19:30:47	TWebTestHTTPDaemon	HTTP daemon on port 21322 closed.
[i]	25-07-31 20:39:47	TSpybotFileScanDaemon	Listening on port 21323
[i]	25-07-31 20:39:47	TWebTestHTTPDaemon	Listening on port 21322
[i]	25-07-31 20:39:47	TWebTestHTTPDaemon	Successfully started listening on port 21322.
[i]	25-07-31 20:39:47	TSpybotFileScanDaemon	Successfully started listening on port 21323.
[i]	25-07-31 20:40:04	TSpybotFileScanDaemon	HTTP daemon on port 21323 closed.
[i]	25-07-31 20:40:04	TWebTestHTTPDaemon	HTTP daemon on port 21322 closed.
[i]	25-08-01 10:50:54	TWebTestHTTPDaemon	Listening on port 21322
[i]	25-08-01 10:50:54	TWebTestHTTPDaemon	Successfully started listening on port 21322.
[i]	25-08-01 10:50:54	TSpybotFileScanDaemon	Listening on port 21323
[i]	25-08-01 10:50:54	TSpybotFileScanDaemon	Successfully started listening on port 21323.
[i]	25-08-01 18:13:36	TSpybotFileScanDaemon	HTTP daemon on port 21323 closed.
[i]	25-08-01 18:13:36	TWebTestHTTPDaemon	HTTP daemon on port 21322 closed.
[i]	25-08-04 17:39:28	TWebTestHTTPDaemon	Listening on port 21322
[i]	25-08-04 17:39:28	TSpybotFileScanDaemon	Listening on port 21323
[i]	25-08-04 17:39:28	TWebTestHTTPDaemon	Successfully started listening on port 21322.
[i]	25-08-04 17:39:28	TSpybotFileScanDaemon	Successfully started listening on port 21323.
[i]	25-08-04 18:29:16	TSpybotFileScanDaemon	HTTP daemon on port 21323 closed.
[i]	25-08-04 18:29:16	TWebTestHTTPDaemon	HTTP daemon on port 21322 closed.
[i]	25-08-05 13:11:10	TSpybotFileScanDaemon	Listening on port 21323
[i]	25-08-05 13:11:10	TWebTestHTTPDaemon	Listening on port 21322
[i]	25-08-05 13:11:10	TWebTestHTTPDaemon	Successfully started listening on port 21322.
[i]	25-08-05 13:11:10	TSpybotFileScanDaemon	Successfully started listening on port 21323.
[i]	25-08-05 18:18:15	TSpybotFileScanDaemon	HTTP daemon on port 21323 closed.
[i]	25-08-05 18:18:15	TWebTestHTTPDaemon	HTTP daemon on port 21322 closed.
[i]	25-08-06 12:42:20	TSpybotFileScanDaemon	Listening on port 21323
[i]	25-08-06 12:42:20	TSpybotFileScanDaemon	Successfully started listening on port 21323.
[i]	25-08-06 12:42:20	TWebTestHTTPDaemon	Listening on port 21322
[i]	25-08-06 12:42:20	TWebTestHTTPDaemon	Successfully started listening on port 21322.
[i]	25-08-06 15:06:15	TSpybotFileScanDaemon	HTTP daemon on port 21323 closed.
[i]	25-08-06 15:06:15	TWebTestHTTPDaemon	HTTP daemon on port 21322 closed.
[i]	25-08-06 15:06:44	TWebTestHTTPDaemon	Listening on port 21322
[i]	25-08-06 15:06:44	TWebTestHTTPDaemon	Successfully started listening on port 21322.
[i]	25-08-06 15:06:44	TSpybotFileScanDaemon	Listening on port 21323
[i]	25-08-06 15:06:44	TSpybotFileScanDaemon	Successfully started listening on port 21323.
[i]	25-08-06 15:53:37	TSpybotFileScanDaemon	HTTP daemon on port 21323 closed.
[i]	25-08-06 15:53:37	TWebTestHTTPDaemon	HTTP daemon on port 21322 closed.
[i]	25-08-06 15:54:05	TSpybotFileScanDaemon	Listening on port 21323
[i]	25-08-06 15:54:05	TWebTestHTTPDaemon	Listening on port 21322
[i]	25-08-06 15:54:05	TSpybotFileScanDaemon	Successfully started listening on port 21323.
[i]	25-08-06 15:54:05	TWebTestHTTPDaemon	Successfully started listening on port 21322.
[i]	25-08-06 15:56:24	TSpybotFileScanDaemon	HTTP daemon on port 21323 closed.
[i]	25-08-06 15:56:24	TWebTestHTTPDaemon	HTTP daemon on port 21322 closed.
[i]	25-08-06 15:56:53	TSpybotFileScanDaemon	Listening on port 21323
[i]	25-08-06 15:56:53	TSpybotFileScanDaemon	Successfully started listening on port 21323.
[i]	25-08-06 15:56:53	TWebTestHTTPDaemon	Listening on port 21322
[i]	25-08-06 15:56:53	TWebTestHTTPDaemon	Successfully started listening on port 21322.
[i]	25-08-06 16:04:18	TSpybotFileScanDaemon	HTTP daemon on port 21323 closed.
[i]	25-08-06 16:04:18	TWebTestHTTPDaemon	HTTP daemon on port 21322 closed.
[i]	25-08-06 16:04:48	TWebTestHTTPDaemon	Listening on port 21322
[i]	25-08-06 16:04:48	TWebTestHTTPDaemon	Successfully started listening on port 21322.
[i]	25-08-06 16:04:48	TSpybotFileScanDaemon	Listening on port 21323
[i]	25-08-06 16:04:48	TSpybotFileScanDaemon	Successfully started listening on port 21323.
[i]	25-08-06 18:17:54	TSpybotFileScanDaemon	HTTP daemon on port 21323 closed.
[i]	25-08-06 18:17:54	TWebTestHTTPDaemon	HTTP daemon on port 21322 closed.
[i]	25-08-07 10:33:25	TSpybotFileScanDaemon	Listening on port 21323
[i]	25-08-07 10:33:25	TSpybotFileScanDaemon	Successfully started listening on port 21323.
[i]	25-08-07 10:33:25	TWebTestHTTPDaemon	Listening on port 21322
[i]	25-08-07 10:33:25	TWebTestHTTPDaemon	Successfully started listening on port 21322.
[i]	25-08-07 14:44:03	TSpybotFileScanDaemon	HTTP daemon on port 21323 closed.
[i]	25-08-07 14:44:03	TWebTestHTTPDaemon	HTTP daemon on port 21322 closed.
[i]	25-08-07 14:44:31	TWebTestHTTPDaemon	Listening on port 21322
[i]	25-08-07 14:44:31	TWebTestHTTPDaemon	Successfully started listening on port 21322.
[i]	25-08-07 14:44:31	TSpybotFileScanDaemon	Listening on port 21323
[i]	25-08-07 14:44:31	TSpybotFileScanDaemon	Successfully started listening on port 21323.
[i]	25-08-07 18:27:16	TSpybotFileScanDaemon	HTTP daemon on port 21323 closed.
[i]	25-08-07 18:27:16	TWebTestHTTPDaemon	HTTP daemon on port 21322 closed.
[i]	25-08-08 10:20:13	TWebTestHTTPDaemon	Listening on port 21322
[i]	25-08-08 10:20:13	TSpybotFileScanDaemon	Listening on port 21323
[i]	25-08-08 10:20:13	TWebTestHTTPDaemon	Successfully started listening on port 21322.
[i]	25-08-08 10:20:13	TSpybotFileScanDaemon	Successfully started listening on port 21323.
[i]	25-08-08 10:50:11	TSpybotFileScanDaemon	HTTP daemon on port 21323 closed.
[i]	25-08-08 10:50:11	TWebTestHTTPDaemon	HTTP daemon on port 21322 closed.
[i]	25-08-08 12:45:18	TWebTestHTTPDaemon	Listening on port 21322
[i]	25-08-08 12:45:18	TWebTestHTTPDaemon	Successfully started listening on port 21322.
[i]	25-08-08 12:45:18	TSpybotFileScanDaemon	Listening on port 21323
[i]	25-08-08 12:45:18	TSpybotFileScanDaemon	Successfully started listening on port 21323.
[i]	25-08-08 18:12:01	TSpybotFileScanDaemon	HTTP daemon on port 21323 closed.
[i]	25-08-08 18:12:01	TWebTestHTTPDaemon	HTTP daemon on port 21322 closed.
[i]	25-08-11 13:14:50	TSpybotFileScanDaemon	Listening on port 21323
[i]	25-08-11 13:14:50	TSpybotFileScanDaemon	Successfully started listening on port 21323.
[i]	25-08-11 13:14:50	TWebTestHTTPDaemon	Listening on port 21322
[i]	25-08-11 13:14:50	TWebTestHTTPDaemon	Successfully started listening on port 21322.
[i]	25-08-11 15:56:56	TSpybotFileScanDaemon	HTTP daemon on port 21323 closed.
[i]	25-08-11 15:56:56	TWebTestHTTPDaemon	HTTP daemon on port 21322 closed.
[i]	25-08-12 12:47:21	TSpybotFileScanDaemon	Listening on port 21323
[i]	25-08-12 12:47:21	TSpybotFileScanDaemon	Successfully started listening on port 21323.
[i]	25-08-12 12:47:21	TWebTestHTTPDaemon	Listening on port 21322
[i]	25-08-12 12:47:21	TWebTestHTTPDaemon	Successfully started listening on port 21322.
[i]	25-08-12 15:36:02	TSpybotFileScanDaemon	HTTP daemon on port 21323 closed.
[i]	25-08-12 15:36:02	TWebTestHTTPDaemon	HTTP daemon on port 21322 closed.
[i]	25-08-13 12:52:46	TWebTestHTTPDaemon	Listening on port 21322
[i]	25-08-13 12:52:46	TWebTestHTTPDaemon	Successfully started listening on port 21322.
[i]	25-08-13 12:52:46	TSpybotFileScanDaemon	Listening on port 21323
[i]	25-08-13 12:52:46	TSpybotFileScanDaemon	Successfully started listening on port 21323.
[i]	25-08-13 16:43:14	TSpybotFileScanDaemon	HTTP daemon on port 21323 closed.
[i]	25-08-13 16:43:14	TWebTestHTTPDaemon	HTTP daemon on port 21322 closed.
[i]	25-08-13 16:44:01	TWebTestHTTPDaemon	Listening on port 21322
[i]	25-08-13 16:44:01	TWebTestHTTPDaemon	Successfully started listening on port 21322.
[i]	25-08-13 16:44:01	TSpybotFileScanDaemon	Listening on port 21323
[i]	25-08-13 16:44:01	TSpybotFileScanDaemon	Successfully started listening on port 21323.
[i]	25-08-14 17:55:32	TSpybotFileScanDaemon	HTTP daemon on port 21323 closed.
[i]	25-08-14 17:55:32	TWebTestHTTPDaemon	HTTP daemon on port 21322 closed.
[i]	25-08-18 12:45:54	TWebTestHTTPDaemon	Listening on port 21322
[i]	25-08-18 12:45:54	TWebTestHTTPDaemon	Successfully started listening on port 21322.
[i]	25-08-18 12:45:54	TSpybotFileScanDaemon	Listening on port 21323
[i]	25-08-18 12:45:54	TSpybotFileScanDaemon	Successfully started listening on port 21323.
[i]	25-08-18 17:56:19	TSpybotFileScanDaemon	HTTP daemon on port 21323 closed.
[i]	25-08-18 17:56:19	TWebTestHTTPDaemon	HTTP daemon on port 21322 closed.
[i]	25-08-19 13:14:38	TSpybotFileScanDaemon	Listening on port 21323
[i]	25-08-19 13:14:38	TWebTestHTTPDaemon	Listening on port 21322
[i]	25-08-19 13:14:38	TSpybotFileScanDaemon	Successfully started listening on port 21323.
[i]	25-08-19 13:14:38	TWebTestHTTPDaemon	Successfully started listening on port 21322.
[i]	25-08-19 18:02:06	TSpybotFileScanDaemon	HTTP daemon on port 21323 closed.
[i]	25-08-19 18:02:06	TWebTestHTTPDaemon	HTTP daemon on port 21322 closed.
[i]	25-08-20 12:45:10	TSpybotFileScanDaemon	Listening on port 21323
[i]	25-08-20 12:45:10	TSpybotFileScanDaemon	Successfully started listening on port 21323.
[i]	25-08-20 12:45:10	TWebTestHTTPDaemon	Listening on port 21322
[i]	25-08-20 12:45:10	TWebTestHTTPDaemon	Successfully started listening on port 21322.
[i]	25-08-20 18:05:50	TSpybotFileScanDaemon	HTTP daemon on port 21323 closed.
[i]	25-08-20 18:05:50	TWebTestHTTPDaemon	HTTP daemon on port 21322 closed.
[i]	25-08-21 11:39:25	TSpybotFileScanDaemon	Listening on port 21323
[i]	25-08-21 11:39:25	TWebTestHTTPDaemon	Listening on port 21322
[i]	25-08-21 11:39:25	TWebTestHTTPDaemon	Successfully started listening on port 21322.
[i]	25-08-21 11:39:25	TSpybotFileScanDaemon	Successfully started listening on port 21323.
[i]	25-08-21 14:36:44	TSpybotFileScanDaemon	HTTP daemon on port 21323 closed.
[i]	25-08-21 14:36:44	TWebTestHTTPDaemon	HTTP daemon on port 21322 closed.
[i]	25-08-22 13:01:53	TWebTestHTTPDaemon	Listening on port 21322
[i]	25-08-22 13:01:53	TSpybotFileScanDaemon	Listening on port 21323
[i]	25-08-22 13:01:53	TWebTestHTTPDaemon	Successfully started listening on port 21322.
[i]	25-08-22 13:01:53	TSpybotFileScanDaemon	Successfully started listening on port 21323.
[i]	25-08-22 13:02:13	TSpybotFileScanDaemon	HTTP daemon on port 21323 closed.
[i]	25-08-22 13:02:13	TWebTestHTTPDaemon	HTTP daemon on port 21322 closed.
[i]	25-08-25 12:53:01	TSpybotFileScanDaemon	Listening on port 21323
[i]	25-08-25 12:53:01	TWebTestHTTPDaemon	Listening on port 21322
[i]	25-08-25 12:53:01	TWebTestHTTPDaemon	Successfully started listening on port 21322.
[i]	25-08-25 12:53:01	TSpybotFileScanDaemon	Successfully started listening on port 21323.
[i]	25-08-25 12:53:22	TSpybotFileScanDaemon	HTTP daemon on port 21323 closed.
[i]	25-08-25 12:53:22	TWebTestHTTPDaemon	HTTP daemon on port 21322 closed.
[i]	25-08-25 12:53:50	TSpybotFileScanDaemon	Listening on port 21323
[i]	25-08-25 12:53:50	TSpybotFileScanDaemon	Successfully started listening on port 21323.
[i]	25-08-25 12:53:50	TWebTestHTTPDaemon	Listening on port 21322
[i]	25-08-25 12:53:50	TWebTestHTTPDaemon	Successfully started listening on port 21322.
[i]	25-08-25 12:54:12	TSpybotFileScanDaemon	HTTP daemon on port 21323 closed.
[i]	25-08-25 12:54:12	TWebTestHTTPDaemon	HTTP daemon on port 21322 closed.
[i]	25-08-25 12:54:38	TWebTestHTTPDaemon	Listening on port 21322
[i]	25-08-25 12:54:38	TWebTestHTTPDaemon	Successfully started listening on port 21322.
[i]	25-08-25 12:54:38	TSpybotFileScanDaemon	Listening on port 21323
[i]	25-08-25 12:54:38	TSpybotFileScanDaemon	Successfully started listening on port 21323.
[i]	25-08-25 12:54:59	TSpybotFileScanDaemon	HTTP daemon on port 21323 closed.
[i]	25-08-25 12:54:59	TWebTestHTTPDaemon	HTTP daemon on port 21322 closed.
[i]	25-08-25 12:55:27	TSpybotFileScanDaemon	Listening on port 21323
[i]	25-08-25 12:55:27	TSpybotFileScanDaemon	Successfully started listening on port 21323.
[i]	25-08-25 12:55:27	TWebTestHTTPDaemon	Listening on port 21322
[i]	25-08-25 12:55:27	TWebTestHTTPDaemon	Successfully started listening on port 21322.
[i]	25-08-25 12:55:41	TSpybotFileScanDaemon	HTTP daemon on port 21323 closed.
[i]	25-08-25 12:55:41	TWebTestHTTPDaemon	HTTP daemon on port 21322 closed.
[i]	25-08-26 13:26:37	TSpybotFileScanDaemon	Listening on port 21323
[i]	25-08-26 13:26:37	TWebTestHTTPDaemon	Listening on port 21322
[i]	25-08-26 13:26:37	TWebTestHTTPDaemon	Successfully started listening on port 21322.
[i]	25-08-26 13:26:37	TSpybotFileScanDaemon	Successfully started listening on port 21323.
[i]	25-08-26 13:34:12	TSpybotFileScanDaemon	HTTP daemon on port 21323 closed.
[i]	25-08-26 13:34:12	TWebTestHTTPDaemon	HTTP daemon on port 21322 closed.
[i]	25-08-26 13:34:44	TWebTestHTTPDaemon	Listening on port 21322
[i]	25-08-26 13:34:44	TWebTestHTTPDaemon	Successfully started listening on port 21322.
[i]	25-08-26 13:34:44	TSpybotFileScanDaemon	Listening on port 21323
[i]	25-08-26 13:34:44	TSpybotFileScanDaemon	Successfully started listening on port 21323.
[i]	25-08-26 14:03:52	TSpybotFileScanDaemon	HTTP daemon on port 21323 closed.
[i]	25-08-26 14:03:52	TWebTestHTTPDaemon	HTTP daemon on port 21322 closed.
[i]	25-08-26 14:04:26	TSpybotFileScanDaemon	Listening on port 21323
[i]	25-08-26 14:04:26	TWebTestHTTPDaemon	Listening on port 21322
[i]	25-08-26 14:04:26	TSpybotFileScanDaemon	Successfully started listening on port 21323.
[i]	25-08-26 14:04:26	TWebTestHTTPDaemon	Successfully started listening on port 21322.
[i]	25-08-26 14:24:33	TSpybotFileScanDaemon	HTTP daemon on port 21323 closed.
[i]	25-08-26 14:24:33	TWebTestHTTPDaemon	HTTP daemon on port 21322 closed.
[i]	25-08-26 14:25:04	TWebTestHTTPDaemon	Listening on port 21322
[i]	25-08-26 14:25:04	TSpybotFileScanDaemon	Listening on port 21323
[i]	25-08-26 14:25:04	TWebTestHTTPDaemon	Successfully started listening on port 21322.
[i]	25-08-26 14:25:04	TSpybotFileScanDaemon	Successfully started listening on port 21323.
[i]	25-08-26 17:18:34	TSpybotFileScanDaemon	HTTP daemon on port 21323 closed.
[i]	25-08-26 17:18:34	TWebTestHTTPDaemon	HTTP daemon on port 21322 closed.
[i]	25-08-26 17:19:06	TWebTestHTTPDaemon	Listening on port 21322
[i]	25-08-26 17:19:06	TWebTestHTTPDaemon	Successfully started listening on port 21322.
[i]	25-08-26 17:19:06	TSpybotFileScanDaemon	Listening on port 21323
[i]	25-08-26 17:19:06	TSpybotFileScanDaemon	Successfully started listening on port 21323.
[i]	25-08-26 17:38:01	TSpybotFileScanDaemon	HTTP daemon on port 21323 closed.
[i]	25-08-26 17:38:01	TWebTestHTTPDaemon	HTTP daemon on port 21322 closed.
[i]	25-08-26 17:38:33	TSpybotFileScanDaemon	Listening on port 21323
[i]	25-08-26 17:38:33	TSpybotFileScanDaemon	Successfully started listening on port 21323.
[i]	25-08-26 17:38:33	TWebTestHTTPDaemon	Listening on port 21322
[i]	25-08-26 17:38:33	TWebTestHTTPDaemon	Successfully started listening on port 21322.
[i]	25-08-26 17:46:57	TSpybotFileScanDaemon	HTTP daemon on port 21323 closed.
[i]	25-08-26 17:46:57	TWebTestHTTPDaemon	HTTP daemon on port 21322 closed.
[i]	25-08-27 12:41:22	TWebTestHTTPDaemon	Listening on port 21322
[i]	25-08-27 12:41:22	TWebTestHTTPDaemon	Successfully started listening on port 21322.
[i]	25-08-27 12:41:22	TSpybotFileScanDaemon	Listening on port 21323
[i]	25-08-27 12:41:22	TSpybotFileScanDaemon	Successfully started listening on port 21323.
[i]	25-08-27 12:42:11	TSpybotFileScanDaemon	HTTP daemon on port 21323 closed.
[i]	25-08-27 12:42:11	TWebTestHTTPDaemon	HTTP daemon on port 21322 closed.
[i]	25-08-29 12:49:15	TSpybotFileScanDaemon	Listening on port 21323
[i]	25-08-29 12:49:15	TSpybotFileScanDaemon	Successfully started listening on port 21323.
[i]	25-08-29 12:49:15	TWebTestHTTPDaemon	Listening on port 21322
[i]	25-08-29 12:49:15	TWebTestHTTPDaemon	Successfully started listening on port 21322.
[i]	25-08-29 12:49:41	TSpybotFileScanDaemon	HTTP daemon on port 21323 closed.
[i]	25-08-29 12:49:41	TWebTestHTTPDaemon	HTTP daemon on port 21322 closed.
[i]	25-08-29 12:50:12	TWebTestHTTPDaemon	Listening on port 21322
[i]	25-08-29 12:50:12	TWebTestHTTPDaemon	Successfully started listening on port 21322.
[i]	25-08-29 12:50:12	TSpybotFileScanDaemon	Listening on port 21323
[i]	25-08-29 12:50:12	TSpybotFileScanDaemon	Successfully started listening on port 21323.
[i]	25-08-29 12:50:25	TSpybotFileScanDaemon	HTTP daemon on port 21323 closed.
[i]	25-08-29 12:50:25	TWebTestHTTPDaemon	HTTP daemon on port 21322 closed.
[i]	25-08-29 19:47:50	TSpybotFileScanDaemon	Listening on port 21323
[i]	25-08-29 19:47:50	TSpybotFileScanDaemon	Successfully started listening on port 21323.
[i]	25-08-29 19:47:51	TWebTestHTTPDaemon	Listening on port 21322
[i]	25-08-29 19:47:51	TWebTestHTTPDaemon	Successfully started listening on port 21322.
[i]	25-08-29 19:48:16	TSpybotFileScanDaemon	HTTP daemon on port 21323 closed.
[i]	25-08-29 19:48:16	TWebTestHTTPDaemon	HTTP daemon on port 21322 closed.
[i]	25-08-29 19:48:51	TSpybotFileScanDaemon	Listening on port 21323
[i]	25-08-29 19:48:51	TWebTestHTTPDaemon	Listening on port 21322
[i]	25-08-29 19:48:51	TSpybotFileScanDaemon	Successfully started listening on port 21323.
[i]	25-08-29 19:48:51	TWebTestHTTPDaemon	Successfully started listening on port 21322.
[i]	25-08-29 19:49:31	TSpybotFileScanDaemon	HTTP daemon on port 21323 closed.
[i]	25-08-29 19:49:31	TWebTestHTTPDaemon	HTTP daemon on port 21322 closed.
[i]	25-09-05 18:12:55	TWebTestHTTPDaemon	Listening on port 21322
[i]	25-09-05 18:12:55	TSpybotFileScanDaemon	Listening on port 21323
[i]	25-09-05 18:12:55	TWebTestHTTPDaemon	Successfully started listening on port 21322.
[i]	25-09-05 18:12:55	TSpybotFileScanDaemon	Successfully started listening on port 21323.
[i]	25-09-05 18:29:48	TSpybotFileScanDaemon	HTTP daemon on port 21323 closed.
[i]	25-09-05 18:29:48	TWebTestHTTPDaemon	HTTP daemon on port 21322 closed.
[i]	25-09-05 18:30:16	TSpybotFileScanDaemon	Listening on port 21323
[i]	25-09-05 18:30:16	TWebTestHTTPDaemon	Listening on port 21322
[i]	25-09-05 18:30:16	TSpybotFileScanDaemon	Successfully started listening on port 21323.
[i]	25-09-05 18:30:16	TWebTestHTTPDaemon	Successfully started listening on port 21322.
[i]	25-09-05 18:30:50	TSpybotFileScanDaemon	HTTP daemon on port 21323 closed.
[i]	25-09-05 18:30:50	TWebTestHTTPDaemon	HTTP daemon on port 21322 closed.
[i]	25-09-05 18:31:17	TWebTestHTTPDaemon	Listening on port 21322
[i]	25-09-05 18:31:17	TSpybotFileScanDaemon	Listening on port 21323
[i]	25-09-05 18:31:17	TWebTestHTTPDaemon	Successfully started listening on port 21322.
[i]	25-09-05 18:31:17	TSpybotFileScanDaemon	Successfully started listening on port 21323.
[i]	25-09-05 18:31:42	TSpybotFileScanDaemon	HTTP daemon on port 21323 closed.
[i]	25-09-05 18:31:42	TWebTestHTTPDaemon	HTTP daemon on port 21322 closed.
[i]	25-09-09 12:44:13	TWebTestHTTPDaemon	Listening on port 21322
[i]	25-09-09 12:44:13	TWebTestHTTPDaemon	Successfully started listening on port 21322.
[i]	25-09-09 12:44:13	TSpybotFileScanDaemon	Listening on port 21323
[i]	25-09-09 12:44:13	TSpybotFileScanDaemon	Successfully started listening on port 21323.
[i]	25-09-09 12:44:57	TSpybotFileScanDaemon	HTTP daemon on port 21323 closed.
[i]	25-09-09 12:44:57	TWebTestHTTPDaemon	HTTP daemon on port 21322 closed.
[i]	25-09-09 16:41:27	TWebTestHTTPDaemon	Listening on port 21322
[i]	25-09-09 16:41:27	TWebTestHTTPDaemon	Successfully started listening on port 21322.
[i]	25-09-09 16:41:27	TSpybotFileScanDaemon	Listening on port 21323
[i]	25-09-09 16:41:27	TSpybotFileScanDaemon	Successfully started listening on port 21323.
[i]	25-09-09 18:29:26	TSpybotFileScanDaemon	HTTP daemon on port 21323 closed.
[i]	25-09-09 18:29:26	TWebTestHTTPDaemon	HTTP daemon on port 21322 closed.
[i]	25-09-13 13:05:49	TWebTestHTTPDaemon	Listening on port 21322
[i]	25-09-13 13:05:49	TWebTestHTTPDaemon	Successfully started listening on port 21322.
[i]	25-09-13 13:05:49	TSpybotFileScanDaemon	Listening on port 21323
[i]	25-09-13 13:05:49	TSpybotFileScanDaemon	Successfully started listening on port 21323.
[i]	25-09-13 13:06:39	TSpybotFileScanDaemon	HTTP daemon on port 21323 closed.
[i]	25-09-13 13:06:39	TWebTestHTTPDaemon	HTTP daemon on port 21322 closed.
[i]	25-09-16 12:52:21	TSpybotFileScanDaemon	Listening on port 21323
[i]	25-09-16 12:52:21	TWebTestHTTPDaemon	Listening on port 21322
[i]	25-09-16 12:52:21	TWebTestHTTPDaemon	Successfully started listening on port 21322.
[i]	25-09-16 12:52:21	TSpybotFileScanDaemon	Successfully started listening on port 21323.
[i]	25-09-16 12:52:46	TSpybotFileScanDaemon	HTTP daemon on port 21323 closed.
[i]	25-09-16 12:52:47	TWebTestHTTPDaemon	HTTP daemon on port 21322 closed.
[i]	25-09-16 12:53:15	TSpybotFileScanDaemon	Listening on port 21323
[i]	25-09-16 12:53:15	TWebTestHTTPDaemon	Listening on port 21322
[i]	25-09-16 12:53:15	TSpybotFileScanDaemon	Successfully started listening on port 21323.
[i]	25-09-16 12:53:15	TWebTestHTTPDaemon	Successfully started listening on port 21322.
[i]	25-09-16 12:53:26	TSpybotFileScanDaemon	HTTP daemon on port 21323 closed.
[i]	25-09-16 12:53:26	TWebTestHTTPDaemon	HTTP daemon on port 21322 closed.
[i]	25-09-16 13:49:56	TSpybotFileScanDaemon	Listening on port 21323
[i]	25-09-16 13:49:56	TSpybotFileScanDaemon	Successfully started listening on port 21323.
[i]	25-09-16 13:49:56	TWebTestHTTPDaemon	Listening on port 21322
[i]	25-09-16 13:49:56	TWebTestHTTPDaemon	Successfully started listening on port 21322.
[i]	25-09-16 14:12:39	TSpybotFileScanDaemon	HTTP daemon on port 21323 closed.
[i]	25-09-16 14:12:39	TWebTestHTTPDaemon	HTTP daemon on port 21322 closed.
[i]	25-09-16 14:13:06	TWebTestHTTPDaemon	Listening on port 21322
[i]	25-09-16 14:13:06	TSpybotFileScanDaemon	Listening on port 21323
[i]	25-09-16 14:13:06	TWebTestHTTPDaemon	Successfully started listening on port 21322.
[i]	25-09-16 14:13:06	TSpybotFileScanDaemon	Successfully started listening on port 21323.
[i]	25-09-16 14:13:47	TSpybotFileScanDaemon	HTTP daemon on port 21323 closed.
[i]	25-09-16 14:13:47	TWebTestHTTPDaemon	HTTP daemon on port 21322 closed.
[i]	25-09-16 14:14:14	TWebTestHTTPDaemon	Listening on port 21322
[i]	25-09-16 14:14:14	TSpybotFileScanDaemon	Listening on port 21323
[i]	25-09-16 14:14:14	TWebTestHTTPDaemon	Successfully started listening on port 21322.
[i]	25-09-16 14:14:14	TSpybotFileScanDaemon	Successfully started listening on port 21323.
[i]	25-09-16 14:25:00	TSpybotFileScanDaemon	HTTP daemon on port 21323 closed.
[i]	25-09-16 14:25:00	TWebTestHTTPDaemon	HTTP daemon on port 21322 closed.
[i]	25-09-16 17:58:28	TWebTestHTTPDaemon	Listening on port 21322
[i]	25-09-16 17:58:28	TSpybotFileScanDaemon	Listening on port 21323
[i]	25-09-16 17:58:28	TWebTestHTTPDaemon	Successfully started listening on port 21322.
[i]	25-09-16 17:58:28	TSpybotFileScanDaemon	Successfully started listening on port 21323.
[i]	25-09-16 18:07:09	TSpybotFileScanDaemon	HTTP daemon on port 21323 closed.
[i]	25-09-16 18:07:10	TWebTestHTTPDaemon	HTTP daemon on port 21322 closed.
[i]	25-09-19 11:10:20	TSpybotFileScanDaemon	Listening on port 21323
[i]	25-09-19 11:10:20	TSpybotFileScanDaemon	Successfully started listening on port 21323.
[i]	25-09-19 11:10:20	TWebTestHTTPDaemon	Listening on port 21322
[i]	25-09-19 11:10:20	TWebTestHTTPDaemon	Successfully started listening on port 21322.
[i]	25-09-19 11:16:16	TSpybotFileScanDaemon	HTTP daemon on port 21323 closed.
[i]	25-09-19 11:16:16	TWebTestHTTPDaemon	HTTP daemon on port 21322 closed.
[i]	25-09-20 12:40:25	TWebTestHTTPDaemon	Listening on port 21322
[i]	25-09-20 12:40:25	TWebTestHTTPDaemon	Successfully started listening on port 21322.
[i]	25-09-20 12:40:25	TSpybotFileScanDaemon	Listening on port 21323
[i]	25-09-20 12:40:25	TSpybotFileScanDaemon	Successfully started listening on port 21323.
[i]	25-09-20 14:31:31	TSpybotFileScanDaemon	HTTP daemon on port 21323 closed.
[i]	25-09-20 14:31:31	TWebTestHTTPDaemon	HTTP daemon on port 21322 closed.
[i]	25-09-24 10:55:22	TWebTestHTTPDaemon	Listening on port 21322
[i]	25-09-24 10:55:22	TWebTestHTTPDaemon	Successfully started listening on port 21322.
[i]	25-09-24 10:55:22	TSpybotFileScanDaemon	Listening on port 21323
[i]	25-09-24 10:55:22	TSpybotFileScanDaemon	Successfully started listening on port 21323.
[i]	25-09-24 11:06:21	TSpybotFileScanDaemon	HTTP daemon on port 21323 closed.
[i]	25-09-24 11:06:21	TWebTestHTTPDaemon	HTTP daemon on port 21322 closed.
[i]	25-09-27 12:49:32	TWebTestHTTPDaemon	Listening on port 21322
[i]	25-09-27 12:49:32	TSpybotFileScanDaemon	Listening on port 21323
[i]	25-09-27 12:49:32	TWebTestHTTPDaemon	Successfully started listening on port 21322.
[i]	25-09-27 12:49:32	TSpybotFileScanDaemon	Successfully started listening on port 21323.
[i]	25-09-27 12:57:50	TSpybotFileScanDaemon	HTTP daemon on port 21323 closed.
[i]	25-09-27 12:57:50	TWebTestHTTPDaemon	HTTP daemon on port 21322 closed.
[i]	25-09-27 13:01:33	TWebTestHTTPDaemon	Listening on port 21322
[i]	25-09-27 13:01:33	TWebTestHTTPDaemon	Successfully started listening on port 21322.
[i]	25-09-27 13:01:33	TSpybotFileScanDaemon	Listening on port 21323
[i]	25-09-27 13:01:33	TSpybotFileScanDaemon	Successfully started listening on port 21323.
[i]	25-09-27 13:01:46	TSpybotFileScanDaemon	HTTP daemon on port 21323 closed.
[i]	25-09-27 13:01:46	TWebTestHTTPDaemon	HTTP daemon on port 21322 closed.
[i]	25-09-27 13:03:54	TWebTestHTTPDaemon	Listening on port 21322
[i]	25-09-27 13:03:54	TSpybotFileScanDaemon	Listening on port 21323
[i]	25-09-27 13:03:54	TWebTestHTTPDaemon	Successfully started listening on port 21322.
[i]	25-09-27 13:03:54	TSpybotFileScanDaemon	Successfully started listening on port 21323.
[i]	25-09-27 13:04:07	TSpybotFileScanDaemon	HTTP daemon on port 21323 closed.
[i]	25-09-27 13:04:08	TWebTestHTTPDaemon	HTTP daemon on port 21322 closed.
[i]	25-09-27 17:05:10	TWebTestHTTPDaemon	Listening on port 21322
[i]	25-09-27 17:05:10	TWebTestHTTPDaemon	Successfully started listening on port 21322.
[i]	25-09-27 17:05:10	TSpybotFileScanDaemon	Listening on port 21323
[i]	25-09-27 17:05:10	TSpybotFileScanDaemon	Successfully started listening on port 21323.
[i]	25-09-27 17:06:25	TSpybotFileScanDaemon	HTTP daemon on port 21323 closed.
[i]	25-09-27 17:06:25	TWebTestHTTPDaemon	HTTP daemon on port 21322 closed.
[i]	25-09-27 17:06:55	TWebTestHTTPDaemon	Listening on port 21322
[i]	25-09-27 17:06:55	TSpybotFileScanDaemon	Listening on port 21323
[i]	25-09-27 17:06:55	TWebTestHTTPDaemon	Successfully started listening on port 21322.
[i]	25-09-27 17:06:55	TSpybotFileScanDaemon	Successfully started listening on port 21323.
[i]	25-09-27 18:11:01	TSpybotFileScanDaemon	HTTP daemon on port 21323 closed.
[i]	25-09-27 18:11:01	TWebTestHTTPDaemon	HTTP daemon on port 21322 closed.
[i]	25-09-27 18:11:29	TWebTestHTTPDaemon	Listening on port 21322
[i]	25-09-27 18:11:29	TWebTestHTTPDaemon	Successfully started listening on port 21322.
[i]	25-09-27 18:11:29	TSpybotFileScanDaemon	Listening on port 21323
[i]	25-09-27 18:11:29	TSpybotFileScanDaemon	Successfully started listening on port 21323.
[i]	25-09-27 18:16:55	TSpybotFileScanDaemon	HTTP daemon on port 21323 closed.
[i]	25-09-27 18:16:56	TWebTestHTTPDaemon	HTTP daemon on port 21322 closed.
[i]	25-09-29 17:06:03	TSpybotFileScanDaemon	Listening on port 21323
[i]	25-09-29 17:06:03	TSpybotFileScanDaemon	Successfully started listening on port 21323.
[i]	25-09-29 17:06:03	TWebTestHTTPDaemon	Listening on port 21322
[i]	25-09-29 17:06:03	TWebTestHTTPDaemon	Successfully started listening on port 21322.
[i]	25-09-29 20:49:00	TSpybotFileScanDaemon	HTTP daemon on port 21323 closed.
[i]	25-09-29 20:49:00	TWebTestHTTPDaemon	HTTP daemon on port 21322 closed.
[i]	25-09-29 21:49:59	TWebTestHTTPDaemon	Listening on port 21322
[i]	25-09-29 21:49:59	TSpybotFileScanDaemon	Listening on port 21323
[i]	25-09-29 21:49:59	TWebTestHTTPDaemon	Successfully started listening on port 21322.
[i]	25-09-29 21:49:59	TSpybotFileScanDaemon	Successfully started listening on port 21323.
[i]	25-09-29 23:05:46	TSpybotFileScanDaemon	HTTP daemon on port 21323 closed.
[i]	25-09-29 23:05:46	TWebTestHTTPDaemon	HTTP daemon on port 21322 closed.
[i]	25-09-30 13:08:15	TSpybotFileScanDaemon	Listening on port 21323
[i]	25-09-30 13:08:15	TWebTestHTTPDaemon	Listening on port 21322
[i]	25-09-30 13:08:15	TWebTestHTTPDaemon	Successfully started listening on port 21322.
[i]	25-09-30 13:08:15	TSpybotFileScanDaemon	Successfully started listening on port 21323.
[i]	25-09-30 14:30:51	TSpybotFileScanDaemon	HTTP daemon on port 21323 closed.
[i]	25-09-30 14:30:51	TWebTestHTTPDaemon	HTTP daemon on port 21322 closed.
[i]	25-09-30 17:25:20	TWebTestHTTPDaemon	Listening on port 21322
[i]	25-09-30 17:25:20	TSpybotFileScanDaemon	Listening on port 21323
[i]	25-09-30 17:25:20	TSpybotFileScanDaemon	Successfully started listening on port 21323.
[i]	25-09-30 17:25:20	TWebTestHTTPDaemon	Successfully started listening on port 21322.
[i]	25-09-30 17:25:32	TSpybotFileScanDaemon	HTTP daemon on port 21323 closed.
[i]	25-09-30 17:25:32	TWebTestHTTPDaemon	HTTP daemon on port 21322 closed.
[i]	25-10-04 11:40:18	TSpybotFileScanDaemon	Listening on port 21323
[i]	25-10-04 11:40:18	TSpybotFileScanDaemon	Successfully started listening on port 21323.
[i]	25-10-04 11:40:18	TWebTestHTTPDaemon	Listening on port 21322
[i]	25-10-04 11:40:18	TWebTestHTTPDaemon	Successfully started listening on port 21322.
[i]	25-10-04 11:47:16	TSpybotFileScanDaemon	HTTP daemon on port 21323 closed.
[i]	25-10-04 11:47:16	TWebTestHTTPDaemon	HTTP daemon on port 21322 closed.
[i]	25-10-04 12:47:44	TSpybotFileScanDaemon	Listening on port 21323
[i]	25-10-04 12:47:44	TSpybotFileScanDaemon	Successfully started listening on port 21323.
[i]	25-10-04 12:47:44	TWebTestHTTPDaemon	Listening on port 21322
[i]	25-10-04 12:47:44	TWebTestHTTPDaemon	Successfully started listening on port 21322.
[i]	25-10-04 14:30:17	TSpybotFileScanDaemon	HTTP daemon on port 21323 closed.
[i]	25-10-04 14:30:17	TWebTestHTTPDaemon	HTTP daemon on port 21322 closed.
[i]	25-10-07 10:44:42	TWebTestHTTPDaemon	Listening on port 21322
[i]	25-10-07 10:44:42	TSpybotFileScanDaemon	Listening on port 21323
[i]	25-10-07 10:44:42	TWebTestHTTPDaemon	Successfully started listening on port 21322.
[i]	25-10-07 10:44:42	TSpybotFileScanDaemon	Successfully started listening on port 21323.
[i]	25-10-07 10:44:59	TSpybotFileScanDaemon	HTTP daemon on port 21323 closed.
[i]	25-10-07 10:44:59	TWebTestHTTPDaemon	HTTP daemon on port 21322 closed.
[i]	25-10-07 12:48:30	TWebTestHTTPDaemon	Listening on port 21322
[i]	25-10-07 12:48:30	TSpybotFileScanDaemon	Listening on port 21323
[i]	25-10-07 12:48:30	TWebTestHTTPDaemon	Successfully started listening on port 21322.
[i]	25-10-07 12:48:30	TSpybotFileScanDaemon	Successfully started listening on port 21323.
[i]	25-10-07 17:53:14	TSpybotFileScanDaemon	HTTP daemon on port 21323 closed.
[i]	25-10-07 17:53:15	TWebTestHTTPDaemon	HTTP daemon on port 21322 closed.
[i]	25-10-08 12:47:16	TSpybotFileScanDaemon	Listening on port 21323
[i]	25-10-08 12:47:16	TSpybotFileScanDaemon	Successfully started listening on port 21323.
[i]	25-10-08 12:47:16	TWebTestHTTPDaemon	Listening on port 21322
[i]	25-10-08 12:47:16	TWebTestHTTPDaemon	Successfully started listening on port 21322.
[i]	25-10-08 14:10:57	TSpybotFileScanDaemon	HTTP daemon on port 21323 closed.
[i]	25-10-08 14:10:57	TWebTestHTTPDaemon	HTTP daemon on port 21322 closed.
[i]	25-10-08 14:11:26	TSpybotFileScanDaemon	Listening on port 21323
[i]	25-10-08 14:11:26	TWebTestHTTPDaemon	Listening on port 21322
[i]	25-10-08 14:11:26	TSpybotFileScanDaemon	Successfully started listening on port 21323.
[i]	25-10-08 14:11:26	TWebTestHTTPDaemon	Successfully started listening on port 21322.
[i]	25-10-08 14:17:01	TSpybotFileScanDaemon	HTTP daemon on port 21323 closed.
[i]	25-10-08 14:17:01	TWebTestHTTPDaemon	HTTP daemon on port 21322 closed.
[i]	25-10-08 14:17:57	TWebTestHTTPDaemon	Listening on port 21322
[i]	25-10-08 14:17:57	TSpybotFileScanDaemon	Listening on port 21323
[i]	25-10-08 14:17:57	TSpybotFileScanDaemon	Successfully started listening on port 21323.
[i]	25-10-08 14:17:57	TWebTestHTTPDaemon	Successfully started listening on port 21322.
[i]	25-10-08 14:18:07	TSpybotFileScanDaemon	HTTP daemon on port 21323 closed.
[i]	25-10-08 14:18:07	TWebTestHTTPDaemon	HTTP daemon on port 21322 closed.
[i]	25-10-11 12:52:06	TWebTestHTTPDaemon	Listening on port 21322
[i]	25-10-11 12:52:06	TWebTestHTTPDaemon	Successfully started listening on port 21322.
[i]	25-10-11 12:52:06	TSpybotFileScanDaemon	Listening on port 21323
[i]	25-10-11 12:52:06	TSpybotFileScanDaemon	Successfully started listening on port 21323.
[i]	25-10-11 14:29:51	TSpybotFileScanDaemon	HTTP daemon on port 21323 closed.
[i]	25-10-11 14:29:51	TWebTestHTTPDaemon	HTTP daemon on port 21322 closed.
[i]	25-10-13 12:34:22	TWebTestHTTPDaemon	Listening on port 21322
[i]	25-10-13 12:34:22	TSpybotFileScanDaemon	Listening on port 21323
[i]	25-10-13 12:34:22	TWebTestHTTPDaemon	Successfully started listening on port 21322.
[i]	25-10-13 12:34:22	TSpybotFileScanDaemon	Successfully started listening on port 21323.
[i]	25-10-13 14:23:45	TSpybotFileScanDaemon	HTTP daemon on port 21323 closed.
[i]	25-10-13 14:23:45	TWebTestHTTPDaemon	HTTP daemon on port 21322 closed.
[i]	25-10-14 12:59:46	TWebTestHTTPDaemon	Listening on port 21322
[i]	25-10-14 12:59:46	TSpybotFileScanDaemon	Listening on port 21323
[i]	25-10-14 12:59:46	TSpybotFileScanDaemon	Successfully started listening on port 21323.
[i]	25-10-14 12:59:46	TWebTestHTTPDaemon	Successfully started listening on port 21322.
[i]	25-10-14 14:29:56	TSpybotFileScanDaemon	HTTP daemon on port 21323 closed.
[i]	25-10-14 14:29:56	TWebTestHTTPDaemon	HTTP daemon on port 21322 closed.
[i]	25-10-14 14:36:24	TSpybotFileScanDaemon	Listening on port 21323
[i]	25-10-14 14:36:24	TSpybotFileScanDaemon	Successfully started listening on port 21323.
[i]	25-10-14 14:36:24	TWebTestHTTPDaemon	Listening on port 21322
[i]	25-10-14 14:36:24	TWebTestHTTPDaemon	Successfully started listening on port 21322.
[i]	25-10-14 14:36:36	TSpybotFileScanDaemon	HTTP daemon on port 21323 closed.
[i]	25-10-14 14:36:36	TWebTestHTTPDaemon	HTTP daemon on port 21322 closed.
[i]	25-10-14 14:02:27	TSpybotFileScanDaemon	Listening on port 21323
[i]	25-10-14 14:02:27	TSpybotFileScanDaemon	Successfully started listening on port 21323.
[i]	25-10-14 14:02:27	TWebTestHTTPDaemon	Listening on port 21322
[i]	25-10-14 14:02:27	TWebTestHTTPDaemon	Successfully started listening on port 21322.
[i]	25-10-14 14:02:41	TSpybotFileScanDaemon	HTTP daemon on port 21323 closed.
[i]	25-10-14 14:02:41	TWebTestHTTPDaemon	HTTP daemon on port 21322 closed.
[i]	25-10-18 11:38:18	TSpybotFileScanDaemon	Listening on port 21323
[i]	25-10-18 11:38:18	TWebTestHTTPDaemon	Listening on port 21322
[i]	25-10-18 11:38:18	TSpybotFileScanDaemon	Successfully started listening on port 21323.
[i]	25-10-18 11:38:18	TWebTestHTTPDaemon	Successfully started listening on port 21322.
[i]	25-10-18 18:17:41	TSpybotFileScanDaemon	HTTP daemon on port 21323 closed.
[i]	25-10-18 18:17:41	TWebTestHTTPDaemon	HTTP daemon on port 21322 closed.
[i]	25-10-18 18:20:19	TSpybotFileScanDaemon	Listening on port 21323
[i]	25-10-18 18:20:19	TSpybotFileScanDaemon	Successfully started listening on port 21323.
[i]	25-10-18 18:20:19	TWebTestHTTPDaemon	Listening on port 21322
[i]	25-10-18 18:20:19	TWebTestHTTPDaemon	Successfully started listening on port 21322.
[i]	25-10-18 18:20:53	TSpybotFileScanDaemon	HTTP daemon on port 21323 closed.
[i]	25-10-18 18:20:53	TWebTestHTTPDaemon	HTTP daemon on port 21322 closed.
[i]	25-10-18 18:21:29	TWebTestHTTPDaemon	Listening on port 21322
[i]	25-10-18 18:21:29	TSpybotFileScanDaemon	Listening on port 21323
[i]	25-10-18 18:21:29	TWebTestHTTPDaemon	Successfully started listening on port 21322.
[i]	25-10-18 18:21:29	TSpybotFileScanDaemon	Successfully started listening on port 21323.
[i]	25-10-18 18:22:39	TSpybotFileScanDaemon	HTTP daemon on port 21323 closed.
[i]	25-10-18 18:22:39	TWebTestHTTPDaemon	HTTP daemon on port 21322 closed.
[i]	25-10-19 19:24:35	TSpybotFileScanDaemon	Listening on port 21323
[i]	25-10-19 19:24:35	TSpybotFileScanDaemon	Successfully started listening on port 21323.
[i]	25-10-19 19:24:35	TWebTestHTTPDaemon	Listening on port 21322
[i]	25-10-19 19:24:35	TWebTestHTTPDaemon	Successfully started listening on port 21322.
[i]	25-10-19 21:41:16	TSpybotFileScanDaemon	HTTP daemon on port 21323 closed.
[i]	25-10-19 21:41:16	TWebTestHTTPDaemon	HTTP daemon on port 21322 closed.
[i]	25-10-21 13:04:05	TWebTestHTTPDaemon	Listening on port 21322
[i]	25-10-21 13:04:05	TWebTestHTTPDaemon	Successfully started listening on port 21322.
[i]	25-10-21 13:04:05	TSpybotFileScanDaemon	Listening on port 21323
[i]	25-10-21 13:04:05	TSpybotFileScanDaemon	Successfully started listening on port 21323.
[i]	25-10-21 18:15:26	TSpybotFileScanDaemon	HTTP daemon on port 21323 closed.
[i]	25-10-21 18:15:26	TWebTestHTTPDaemon	HTTP daemon on port 21322 closed.
[i]	25-10-24 12:31:22	TWebTestHTTPDaemon	Listening on port 21322
[i]	25-10-24 12:31:22	TWebTestHTTPDaemon	Successfully started listening on port 21322.
[i]	25-10-24 12:31:22	TSpybotFileScanDaemon	Listening on port 21323
[i]	25-10-24 12:31:22	TSpybotFileScanDaemon	Successfully started listening on port 21323.
[i]	25-10-24 14:28:27	TSpybotFileScanDaemon	HTTP daemon on port 21323 closed.
[i]	25-10-24 14:28:27	TWebTestHTTPDaemon	HTTP daemon on port 21322 closed.
[i]	25-10-25 10:47:43	TSpybotFileScanDaemon	Listening on port 21323
[i]	25-10-25 10:47:43	TSpybotFileScanDaemon	Successfully started listening on port 21323.
[i]	25-10-25 10:47:43	TWebTestHTTPDaemon	Listening on port 21322
[i]	25-10-25 10:47:43	TWebTestHTTPDaemon	Successfully started listening on port 21322.
[i]	25-10-25 10:49:15	TSpybotFileScanDaemon	HTTP daemon on port 21323 closed.
[i]	25-10-25 10:49:15	TWebTestHTTPDaemon	HTTP daemon on port 21322 closed.
[i]	25-10-25 12:44:58	TWebTestHTTPDaemon	Listening on port 21322
[i]	25-10-25 12:44:58	TSpybotFileScanDaemon	Listening on port 21323
[i]	25-10-25 12:44:58	TWebTestHTTPDaemon	Successfully started listening on port 21322.
[i]	25-10-25 12:44:58	TSpybotFileScanDaemon	Successfully started listening on port 21323.
[i]	25-10-25 14:53:31	TSpybotFileScanDaemon	HTTP daemon on port 21323 closed.
[i]	25-10-25 14:53:31	TWebTestHTTPDaemon	HTTP daemon on port 21322 closed.
[i]	25-10-26 10:27:51	TWebTestHTTPDaemon	Listening on port 21322
[i]	25-10-26 10:27:51	TWebTestHTTPDaemon	Successfully started listening on port 21322.
[i]	25-10-26 10:27:51	TSpybotFileScanDaemon	Listening on port 21323
[i]	25-10-26 10:27:51	TSpybotFileScanDaemon	Successfully started listening on port 21323.
[i]	25-10-26 11:54:04	TSpybotFileScanDaemon	HTTP daemon on port 21323 closed.
[i]	25-10-26 11:54:04	TWebTestHTTPDaemon	HTTP daemon on port 21322 closed.
[i]	25-10-28 12:39:17	TSpybotFileScanDaemon	Listening on port 21323
[i]	25-10-28 12:39:17	TSpybotFileScanDaemon	Successfully started listening on port 21323.
[i]	25-10-28 12:39:17	TWebTestHTTPDaemon	Listening on port 21322
[i]	25-10-28 12:39:17	TWebTestHTTPDaemon	Successfully started listening on port 21322.
[i]	25-10-28 14:32:50	TSpybotFileScanDaemon	HTTP daemon on port 21323 closed.
[i]	25-10-28 14:32:50	TWebTestHTTPDaemon	HTTP daemon on port 21322 closed.
[i]	25-10-28 15:15:31	TSpybotFileScanDaemon	Listening on port 21323
[i]	25-10-28 15:15:31	TWebTestHTTPDaemon	Listening on port 21322
[i]	25-10-28 15:15:31	TSpybotFileScanDaemon	Successfully started listening on port 21323.
[i]	25-10-28 15:15:31	TWebTestHTTPDaemon	Successfully started listening on port 21322.
[i]	25-10-28 16:44:10	TSpybotFileScanDaemon	HTTP daemon on port 21323 closed.
[i]	25-10-28 16:44:10	TWebTestHTTPDaemon	HTTP daemon on port 21322 closed.
[i]	25-11-04 12:14:33	TWebTestHTTPDaemon	Listening on port 21322
[i]	25-11-04 12:14:33	TSpybotFileScanDaemon	Listening on port 21323
[i]	25-11-04 12:14:33	TWebTestHTTPDaemon	Successfully started listening on port 21322.
[i]	25-11-04 12:14:33	TSpybotFileScanDaemon	Successfully started listening on port 21323.
[i]	25-11-04 15:37:54	TSpybotFileScanDaemon	HTTP daemon on port 21323 closed.
[i]	25-11-04 15:37:54	TWebTestHTTPDaemon	HTTP daemon on port 21322 closed.
[i]	25-11-08 12:41:03	TWebTestHTTPDaemon	Listening on port 21322
[i]	25-11-08 12:41:03	TSpybotFileScanDaemon	Listening on port 21323
[i]	25-11-08 12:41:03	TWebTestHTTPDaemon	Successfully started listening on port 21322.
[i]	25-11-08 12:41:03	TSpybotFileScanDaemon	Successfully started listening on port 21323.
[i]	25-11-08 14:30:50	TSpybotFileScanDaemon	HTTP daemon on port 21323 closed.
[i]	25-11-08 14:30:50	TWebTestHTTPDaemon	HTTP daemon on port 21322 closed.
[i]	25-11-12 16:38:54	TSpybotFileScanDaemon	Listening on port 21323
[i]	25-11-12 16:38:54	TWebTestHTTPDaemon	Listening on port 21322
[i]	25-11-12 16:38:54	TSpybotFileScanDaemon	Successfully started listening on port 21323.
[i]	25-11-12 16:38:54	TWebTestHTTPDaemon	Successfully started listening on port 21322.
[i]	25-11-12 16:51:10	TSpybotFileScanDaemon	HTTP daemon on port 21323 closed.
[i]	25-11-12 16:51:10	TWebTestHTTPDaemon	HTTP daemon on port 21322 closed.
[i]	25-11-14 12:37:13	TSpybotFileScanDaemon	Listening on port 21323
[i]	25-11-14 12:37:13	TWebTestHTTPDaemon	Listening on port 21322
[i]	25-11-14 12:37:13	TWebTestHTTPDaemon	Successfully started listening on port 21322.
[i]	25-11-14 12:37:13	TSpybotFileScanDaemon	Successfully started listening on port 21323.
[i]	25-11-14 14:33:25	TSpybotFileScanDaemon	HTTP daemon on port 21323 closed.
[i]	25-11-14 14:33:25	TWebTestHTTPDaemon	HTTP daemon on port 21322 closed.
[i]	25-11-15 12:45:04	TSpybotFileScanDaemon	Listening on port 21323
[i]	25-11-15 12:45:04	TWebTestHTTPDaemon	Listening on port 21322
[i]	25-11-15 12:45:04	TSpybotFileScanDaemon	Successfully started listening on port 21323.
[i]	25-11-15 12:45:04	TWebTestHTTPDaemon	Successfully started listening on port 21322.
[i]	25-11-15 14:25:07	TSpybotFileScanDaemon	HTTP daemon on port 21323 closed.
[i]	25-11-15 14:25:07	TWebTestHTTPDaemon	HTTP daemon on port 21322 closed.
[i]	25-11-17 09:40:53	TSpybotFileScanDaemon	Listening on port 21323
[i]	25-11-17 09:40:53	TSpybotFileScanDaemon	Successfully started listening on port 21323.
[i]	25-11-17 09:40:53	TWebTestHTTPDaemon	Listening on port 21322
[i]	25-11-17 09:40:53	TWebTestHTTPDaemon	Successfully started listening on port 21322.
[i]	25-11-17 12:12:50	TSpybotFileScanDaemon	HTTP daemon on port 21323 closed.
[i]	25-11-17 12:12:51	TWebTestHTTPDaemon	HTTP daemon on port 21322 closed.
[i]	25-11-18 11:57:39	TSpybotFileScanDaemon	Listening on port 21323
[i]	25-11-18 11:57:39	TWebTestHTTPDaemon	Listening on port 21322
[i]	25-11-18 11:57:39	TSpybotFileScanDaemon	Successfully started listening on port 21323.
[i]	25-11-18 11:57:39	TWebTestHTTPDaemon	Successfully started listening on port 21322.
[i]	25-11-18 12:03:19	TSpybotFileScanDaemon	HTTP daemon on port 21323 closed.
[i]	25-11-18 12:03:19	TWebTestHTTPDaemon	HTTP daemon on port 21322 closed.
[i]	25-11-18 12:04:53	TSpybotFileScanDaemon	Listening on port 21323
[i]	25-11-18 12:04:53	TWebTestHTTPDaemon	Listening on port 21322
[i]	25-11-18 12:04:53	TSpybotFileScanDaemon	Successfully started listening on port 21323.
[i]	25-11-18 12:04:53	TWebTestHTTPDaemon	Successfully started listening on port 21322.
[i]	25-11-18 12:05:30	TSpybotFileScanDaemon	HTTP daemon on port 21323 closed.
[i]	25-11-18 12:05:31	TWebTestHTTPDaemon	HTTP daemon on port 21322 closed.
[i]	25-11-18 12:06:03	TSpybotFileScanDaemon	Listening on port 21323
[i]	25-11-18 12:06:03	TWebTestHTTPDaemon	Listening on port 21322
[i]	25-11-18 12:06:03	TSpybotFileScanDaemon	Successfully started listening on port 21323.
[i]	25-11-18 12:06:03	TWebTestHTTPDaemon	Successfully started listening on port 21322.
[i]	25-11-18 14:23:28	TSpybotFileScanDaemon	HTTP daemon on port 21323 closed.
[i]	25-11-18 14:23:29	TWebTestHTTPDaemon	HTTP daemon on port 21322 closed.
[i]	25-11-22 12:47:41	TSpybotFileScanDaemon	Listening on port 21323
[i]	25-11-22 12:47:41	TSpybotFileScanDaemon	Successfully started listening on port 21323.
[i]	25-11-22 12:47:41	TWebTestHTTPDaemon	Listening on port 21322
[i]	25-11-22 12:47:41	TWebTestHTTPDaemon	Successfully started listening on port 21322.
[i]	25-11-22 14:28:59	TSpybotFileScanDaemon	HTTP daemon on port 21323 closed.
[i]	25-11-22 14:28:59	TWebTestHTTPDaemon	HTTP daemon on port 21322 closed.
[i]	25-12-02 12:45:48	TSpybotFileScanDaemon	Listening on port 21323
[i]	25-12-02 12:45:48	TSpybotFileScanDaemon	Successfully started listening on port 21323.
[i]	25-12-02 12:45:48	TWebTestHTTPDaemon	Listening on port 21322
[i]	25-12-02 12:45:48	TWebTestHTTPDaemon	Successfully started listening on port 21322.
[i]	25-12-02 14:22:57	TSpybotFileScanDaemon	HTTP daemon on port 21323 closed.
[i]	25-12-02 14:22:58	TWebTestHTTPDaemon	HTTP daemon on port 21322 closed.
[i]	25-12-06 12:51:06	TWebTestHTTPDaemon	Listening on port 21322
[i]	25-12-06 12:51:06	TWebTestHTTPDaemon	Successfully started listening on port 21322.
[i]	25-12-06 12:51:06	TSpybotFileScanDaemon	Listening on port 21323
[i]	25-12-06 12:51:06	TSpybotFileScanDaemon	Successfully started listening on port 21323.
[i]	25-12-06 17:18:12	TSpybotFileScanDaemon	HTTP daemon on port 21323 closed.
[i]	25-12-06 17:18:12	TWebTestHTTPDaemon	HTTP daemon on port 21322 closed.
[i]	25-12-06 20:20:36	TSpybotFileScanDaemon	Listening on port 21323
[i]	25-12-06 20:20:36	TWebTestHTTPDaemon	Listening on port 21322
[i]	25-12-06 20:20:36	TSpybotFileScanDaemon	Successfully started listening on port 21323.
[i]	25-12-06 20:20:36	TWebTestHTTPDaemon	Successfully started listening on port 21322.
[i]	25-12-09 01:48:50	TSpybotFileScanDaemon	HTTP daemon on port 21323 closed.
[i]	25-12-09 01:48:50	TWebTestHTTPDaemon	HTTP daemon on port 21322 closed.
[i]	25-12-09 12:52:41	TWebTestHTTPDaemon	Listening on port 21322
[i]	25-12-09 12:52:41	TWebTestHTTPDaemon	Successfully started listening on port 21322.
[i]	25-12-09 12:52:41	TSpybotFileScanDaemon	Listening on port 21323
[i]	25-12-09 12:52:41	TSpybotFileScanDaemon	Successfully started listening on port 21323.
[i]	25-12-10 02:57:53	TSpybotFileScanDaemon	HTTP daemon on port 21323 closed.
[i]	25-12-10 02:57:53	TWebTestHTTPDaemon	HTTP daemon on port 21322 closed.
[i]	25-12-10 13:37:04	TWebTestHTTPDaemon	Listening on port 21322
[i]	25-12-10 13:37:04	TSpybotFileScanDaemon	Listening on port 21323
[i]	25-12-10 13:37:04	TWebTestHTTPDaemon	Successfully started listening on port 21322.
[i]	25-12-10 13:37:04	TSpybotFileScanDaemon	Successfully started listening on port 21323.
[i]	25-12-10 13:37:44	TSpybotFileScanDaemon	HTTP daemon on port 21323 closed.
[i]	25-12-10 13:37:44	TWebTestHTTPDaemon	HTTP daemon on port 21322 closed.
[i]	25-12-10 13:39:21	TSpybotFileScanDaemon	Listening on port 21323
[i]	25-12-10 13:39:21	TWebTestHTTPDaemon	Listening on port 21322
[i]	25-12-10 13:39:21	TSpybotFileScanDaemon	Successfully started listening on port 21323.
[i]	25-12-10 13:39:21	TWebTestHTTPDaemon	Successfully started listening on port 21322.
[i]	25-12-11 01:21:17	TSpybotFileScanDaemon	HTTP daemon on port 21323 closed.
[i]	25-12-11 01:21:17	TWebTestHTTPDaemon	HTTP daemon on port 21322 closed.
[i]	25-12-11 13:09:29	TWebTestHTTPDaemon	Listening on port 21322
[i]	25-12-11 13:09:29	TSpybotFileScanDaemon	Listening on port 21323
[i]	25-12-11 13:09:29	TWebTestHTTPDaemon	Successfully started listening on port 21322.
[i]	25-12-11 13:09:29	TSpybotFileScanDaemon	Successfully started listening on port 21323.
[i]	25-12-12 21:11:18	TSpybotFileScanDaemon	HTTP daemon on port 21323 closed.
[i]	25-12-12 21:11:18	TWebTestHTTPDaemon	HTTP daemon on port 21322 closed.
[i]	25-12-13 13:40:23	TSpybotFileScanDaemon	Listening on port 21323
[i]	25-12-13 13:40:23	TWebTestHTTPDaemon	Listening on port 21322
[i]	25-12-13 13:40:23	TWebTestHTTPDaemon	Successfully started listening on port 21322.
[i]	25-12-13 13:40:23	TSpybotFileScanDaemon	Successfully started listening on port 21323.
[i]	25-12-14 02:27:19	TSpybotFileScanDaemon	HTTP daemon on port 21323 closed.
[i]	25-12-14 02:27:20	TWebTestHTTPDaemon	HTTP daemon on port 21322 closed.
[i]	25-12-14 10:55:59	TWebTestHTTPDaemon	Listening on port 21322
[i]	25-12-14 10:55:59	TSpybotFileScanDaemon	Listening on port 21323
[i]	25-12-14 10:55:59	TSpybotFileScanDaemon	Successfully started listening on port 21323.
[i]	25-12-14 10:55:59	TWebTestHTTPDaemon	Successfully started listening on port 21322.
[i]	25-12-15 20:22:08	TSpybotFileScanDaemon	HTTP daemon on port 21323 closed.
[i]	25-12-15 20:22:08	TWebTestHTTPDaemon	HTTP daemon on port 21322 closed.
[i]	25-12-16 12:48:10	TWebTestHTTPDaemon	Listening on port 21322
[i]	25-12-16 12:48:10	TWebTestHTTPDaemon	Successfully started listening on port 21322.
[i]	25-12-16 12:48:10	TSpybotFileScanDaemon	Listening on port 21323
[i]	25-12-16 12:48:10	TSpybotFileScanDaemon	Successfully started listening on port 21323.
[i]	25-12-16 15:25:15	TSpybotFileScanDaemon	HTTP daemon on port 21323 closed.
[i]	25-12-16 15:25:15	TWebTestHTTPDaemon	HTTP daemon on port 21322 closed.
[i]	25-12-16 18:40:46	TWebTestHTTPDaemon	Listening on port 21322
[i]	25-12-16 18:40:46	TSpybotFileScanDaemon	Listening on port 21323
[i]	25-12-16 18:40:46	TWebTestHTTPDaemon	Successfully started listening on port 21322.
[i]	25-12-16 18:40:46	TSpybotFileScanDaemon	Successfully started listening on port 21323.
[i]	25-12-17 01:07:48	TSpybotFileScanDaemon	HTTP daemon on port 21323 closed.
[i]	25-12-17 01:07:48	TWebTestHTTPDaemon	HTTP daemon on port 21322 closed.
[i]	25-12-17 13:54:38	TSpybotFileScanDaemon	Listening on port 21323
[i]	25-12-17 13:54:38	TSpybotFileScanDaemon	Successfully started listening on port 21323.
[i]	25-12-17 13:54:38	TWebTestHTTPDaemon	Listening on port 21322
[i]	25-12-17 13:54:38	TWebTestHTTPDaemon	Successfully started listening on port 21322.
[i]	25-12-17 23:09:25	TSpybotFileScanDaemon	HTTP daemon on port 21323 closed.
[i]	25-12-17 23:09:26	TWebTestHTTPDaemon	HTTP daemon on port 21322 closed.
[i]	25-12-18 13:25:39	TWebTestHTTPDaemon	Listening on port 21322
[i]	25-12-18 13:25:39	TWebTestHTTPDaemon	Successfully started listening on port 21322.
[i]	25-12-18 13:25:39	TSpybotFileScanDaemon	Listening on port 21323
[i]	25-12-18 13:25:39	TSpybotFileScanDaemon	Successfully started listening on port 21323.
[i]	25-12-18 23:18:58	TSpybotFileScanDaemon	HTTP daemon on port 21323 closed.
[i]	25-12-18 23:18:58	TWebTestHTTPDaemon	HTTP daemon on port 21322 closed.
[i]	25-12-20 12:50:12	TSpybotFileScanDaemon	Listening on port 21323
[i]	25-12-20 12:50:12	TWebTestHTTPDaemon	Listening on port 21322
[i]	25-12-20 12:50:12	TWebTestHTTPDaemon	Successfully started listening on port 21322.
[i]	25-12-20 12:50:12	TSpybotFileScanDaemon	Successfully started listening on port 21323.
[i]	25-12-20 14:32:47	TSpybotFileScanDaemon	HTTP daemon on port 21323 closed.
[i]	25-12-20 14:32:48	TWebTestHTTPDaemon	HTTP daemon on port 21322 closed.
[i]	25-12-20 19:03:49	TWebTestHTTPDaemon	Listening on port 21322
[i]	25-12-20 19:03:49	TSpybotFileScanDaemon	Listening on port 21323
[i]	25-12-20 19:03:49	TSpybotFileScanDaemon	Successfully started listening on port 21323.
[i]	25-12-20 19:03:49	TWebTestHTTPDaemon	Successfully started listening on port 21322.
[i]	25-12-26 12:19:57	TSpybotFileScanDaemon	HTTP daemon on port 21323 closed.
[i]	25-12-26 12:19:57	TWebTestHTTPDaemon	HTTP daemon on port 21322 closed.
[i]	25-12-26 12:22:40	TSpybotFileScanDaemon	Listening on port 21323
[i]	25-12-26 12:22:40	TWebTestHTTPDaemon	Listening on port 21322
[i]	25-12-26 12:22:40	TSpybotFileScanDaemon	Successfully started listening on port 21323.
[i]	25-12-26 12:22:40	TWebTestHTTPDaemon	Successfully started listening on port 21322.
